[INFO] [2018-05-11T13:31:51,340] [com.qmm.integrate.application.IntegrateApplication] [main] Starting IntegrateApplication on qinmengmei-lt with PID 12156 (D:\JAVA\workspace\Integrate\target\classes started by qinmengmei in D:\JAVA\workspace\Integrate)
[INFO] [2018-05-11T13:31:51,359] [com.qmm.integrate.application.IntegrateApplication] [main] The following profiles are active: dev
[INFO] [2018-05-11T13:31:54,851] [com.alibaba.druid.spring.boot.autoconfigure.DruidDataSourceAutoConfigure] [main] Init DruidDataSource
[INFO] [2018-05-11T13:31:55,109] [com.alibaba.druid.pool.DruidDataSource] [main] {dataSource-1} inited
[INFO] [2018-05-11T13:31:56,736] [com.qmm.integrate.application.IntegrateApplication] [main] Started IntegrateApplication in 6.555 seconds (JVM running for 8.097)
[INFO] [2018-05-11T13:37:47,437] [com.qmm.integrate.application.IntegrateApplication] [main] Starting IntegrateApplication on qinmengmei-lt with PID 11860 (D:\JAVA\workspace\Integrate\target\classes started by qinmengmei in D:\JAVA\workspace\Integrate)
[INFO] [2018-05-11T13:37:47,448] [com.qmm.integrate.application.IntegrateApplication] [main] The following profiles are active: dev
[INFO] [2018-05-11T13:37:50,690] [com.alibaba.druid.spring.boot.autoconfigure.DruidDataSourceAutoConfigure] [main] Init DruidDataSource
[INFO] [2018-05-11T13:37:51,000] [com.alibaba.druid.pool.DruidDataSource] [main] {dataSource-1} inited
[INFO] [2018-05-11T13:37:52,330] [com.qmm.integrate.application.IntegrateApplication] [main] Started IntegrateApplication in 5.988 seconds (JVM running for 7.619)
[INFO] [2018-05-11T13:39:26,138] [com.qmm.integrate.application.IntegrateApplication] [main] Starting IntegrateApplication on qinmengmei-lt with PID 9936 (D:\JAVA\workspace\Integrate\target\classes started by qinmengmei in D:\JAVA\workspace\Integrate)
[INFO] [2018-05-11T13:39:26,147] [com.qmm.integrate.application.IntegrateApplication] [main] The following profiles are active: dev
[INFO] [2018-05-11T13:39:29,188] [com.alibaba.druid.spring.boot.autoconfigure.DruidDataSourceAutoConfigure] [main] Init DruidDataSource
[INFO] [2018-05-11T13:39:29,391] [com.alibaba.druid.pool.DruidDataSource] [main] {dataSource-1} inited
[INFO] [2018-05-11T13:39:30,732] [com.qmm.integrate.application.IntegrateApplication] [main] Started IntegrateApplication in 5.473 seconds (JVM running for 6.88)
[INFO] [2018-05-11T13:40:09,280] [com.qmm.integrate.application.IntegrateApplication] [main] Starting IntegrateApplication on qinmengmei-lt with PID 7196 (D:\JAVA\workspace\Integrate\target\classes started by qinmengmei in D:\JAVA\workspace\Integrate)
[INFO] [2018-05-11T13:40:09,289] [com.qmm.integrate.application.IntegrateApplication] [main] The following profiles are active: dev
[INFO] [2018-05-11T13:40:12,882] [com.alibaba.druid.spring.boot.autoconfigure.DruidDataSourceAutoConfigure] [main] Init DruidDataSource
[INFO] [2018-05-11T13:40:13,083] [com.alibaba.druid.pool.DruidDataSource] [main] {dataSource-1} inited
[INFO] [2018-05-11T13:40:14,477] [com.qmm.integrate.application.IntegrateApplication] [main] Started IntegrateApplication in 6.007 seconds (JVM running for 7.522)
[INFO] [2018-05-11T13:41:44,748] [com.qmm.integrate.application.IntegrateApplication] [main] Starting IntegrateApplication on qinmengmei-lt with PID 8468 (D:\JAVA\workspace\Integrate\target\classes started by qinmengmei in D:\JAVA\workspace\Integrate)
[INFO] [2018-05-11T13:41:44,759] [com.qmm.integrate.application.IntegrateApplication] [main] The following profiles are active: dev
[INFO] [2018-05-11T13:41:48,742] [com.alibaba.druid.spring.boot.autoconfigure.DruidDataSourceAutoConfigure] [main] Init DruidDataSource
[INFO] [2018-05-11T13:41:48,967] [com.alibaba.druid.pool.DruidDataSource] [main] {dataSource-1} inited
[INFO] [2018-05-11T13:41:50,342] [com.qmm.integrate.application.IntegrateApplication] [main] Started IntegrateApplication in 6.187 seconds (JVM running for 7.625)
[INFO] [2018-05-11T13:42:33,821] [com.qmm.integrate.application.IntegrateApplication] [main] Starting IntegrateApplication on qinmengmei-lt with PID 12168 (D:\JAVA\workspace\Integrate\target\classes started by qinmengmei in D:\JAVA\workspace\Integrate)
[INFO] [2018-05-11T13:42:33,916] [com.qmm.integrate.application.IntegrateApplication] [main] The following profiles are active: dev
[INFO] [2018-05-11T13:42:37,170] [com.alibaba.druid.spring.boot.autoconfigure.DruidDataSourceAutoConfigure] [main] Init DruidDataSource
[INFO] [2018-05-11T13:42:37,423] [com.alibaba.druid.pool.DruidDataSource] [main] {dataSource-1} inited
[INFO] [2018-05-11T13:42:38,986] [com.qmm.integrate.application.IntegrateApplication] [main] Started IntegrateApplication in 5.869 seconds (JVM running for 7.271)
[INFO] [2018-05-11T13:47:30,998] [com.qmm.integrate.application.IntegrateApplication] [main] Starting IntegrateApplication on qinmengmei-lt with PID 11236 (D:\JAVA\workspace\Integrate\target\classes started by qinmengmei in D:\JAVA\workspace\Integrate)
[INFO] [2018-05-11T13:47:31,010] [com.qmm.integrate.application.IntegrateApplication] [main] The following profiles are active: dev
[INFO] [2018-05-11T13:47:34,944] [com.alibaba.druid.spring.boot.autoconfigure.DruidDataSourceAutoConfigure] [main] Init DruidDataSource
[INFO] [2018-05-11T13:47:35,141] [com.alibaba.druid.pool.DruidDataSource] [main] {dataSource-1} inited
[INFO] [2018-05-11T13:47:36,573] [com.qmm.integrate.application.IntegrateApplication] [main] Started IntegrateApplication in 6.27 seconds (JVM running for 7.816)
[INFO] [2018-05-11T13:47:44,794] [com.qmm.integrate.controller.UserController] [http-nio-8081-exec-1] listUser
[INFO] [2018-05-11T14:55:07,927] [com.qmm.integrate.application.IntegrateApplication] [main] Starting IntegrateApplication on qinmengmei-lt with PID 7820 (D:\JAVA\workspace\Integrate\target\classes started by qinmengmei in D:\JAVA\workspace\Integrate)
[INFO] [2018-05-11T14:55:07,937] [com.qmm.integrate.application.IntegrateApplication] [main] The following profiles are active: dev
[INFO] [2018-05-11T14:55:12,025] [com.alibaba.druid.spring.boot.autoconfigure.DruidDataSourceAutoConfigure] [main] Init DruidDataSource
[INFO] [2018-05-11T14:55:12,295] [com.alibaba.druid.pool.DruidDataSource] [main] {dataSource-1} inited
[INFO] [2018-05-11T14:55:14,888] [com.qmm.integrate.application.IntegrateApplication] [main] Started IntegrateApplication in 8.601 seconds (JVM running for 10.345)
[INFO] [2018-05-11T14:56:06,366] [com.qmm.integrate.application.IntegrateApplication] [main] Starting IntegrateApplication on qinmengmei-lt with PID 8768 (D:\JAVA\workspace\Integrate\target\classes started by qinmengmei in D:\JAVA\workspace\Integrate)
[INFO] [2018-05-11T14:56:06,381] [com.qmm.integrate.application.IntegrateApplication] [main] The following profiles are active: dev
[INFO] [2018-05-11T14:56:11,093] [com.alibaba.druid.spring.boot.autoconfigure.DruidDataSourceAutoConfigure] [main] Init DruidDataSource
[INFO] [2018-05-11T14:56:11,418] [com.alibaba.druid.pool.DruidDataSource] [main] {dataSource-1} inited
[INFO] [2018-05-11T14:56:11,906] [com.alibaba.druid.pool.DruidDataSource] [main] {dataSource-1} closed
[INFO] [2018-05-11T14:57:07,991] [com.qmm.integrate.application.IntegrateApplication] [main] Starting IntegrateApplication on qinmengmei-lt with PID 10972 (D:\JAVA\workspace\Integrate\target\classes started by qinmengmei in D:\JAVA\workspace\Integrate)
[INFO] [2018-05-11T14:57:08,091] [com.qmm.integrate.application.IntegrateApplication] [main] The following profiles are active: dev
[INFO] [2018-05-11T14:57:13,857] [com.alibaba.druid.spring.boot.autoconfigure.DruidDataSourceAutoConfigure] [main] Init DruidDataSource
[INFO] [2018-05-11T14:57:14,123] [com.alibaba.druid.pool.DruidDataSource] [main] {dataSource-1} inited
[INFO] [2018-05-11T14:57:14,499] [com.alibaba.druid.pool.DruidDataSource] [main] {dataSource-1} closed
[INFO] [2018-05-11T14:58:25,180] [com.qmm.integrate.application.IntegrateApplication] [main] Starting IntegrateApplication on qinmengmei-lt with PID 10328 (D:\JAVA\workspace\Integrate\target\classes started by qinmengmei in D:\JAVA\workspace\Integrate)
[INFO] [2018-05-11T14:58:25,198] [com.qmm.integrate.application.IntegrateApplication] [main] The following profiles are active: dev
[INFO] [2018-05-11T14:58:30,360] [com.alibaba.druid.spring.boot.autoconfigure.DruidDataSourceAutoConfigure] [main] Init DruidDataSource
[INFO] [2018-05-11T14:58:30,713] [com.alibaba.druid.pool.DruidDataSource] [main] {dataSource-1} inited
[INFO] [2018-05-11T14:58:31,232] [com.alibaba.druid.pool.DruidDataSource] [main] {dataSource-1} closed
[INFO] [2018-05-11T15:12:45,926] [com.qmm.integrate.application.IntegrateApplication] [main] Starting IntegrateApplication on qinmengmei-lt with PID 3316 (D:\JAVA\workspace\Integrate\target\classes started by qinmengmei in D:\JAVA\workspace\Integrate)
[INFO] [2018-05-11T15:12:45,939] [com.qmm.integrate.application.IntegrateApplication] [main] The following profiles are active: dev
[INFO] [2018-05-11T15:12:50,679] [com.alibaba.druid.spring.boot.autoconfigure.DruidDataSourceAutoConfigure] [main] Init DruidDataSource
[INFO] [2018-05-11T15:12:50,915] [com.alibaba.druid.pool.DruidDataSource] [main] {dataSource-1} inited
[INFO] [2018-05-11T15:12:53,546] [com.qmm.integrate.application.IntegrateApplication] [main] Started IntegrateApplication in 8.365 seconds (JVM running for 10.292)
[INFO] [2018-05-11T15:13:01,972] [io.lettuce.core.EpollProvider] [http-nio-8081-exec-1] Starting without optional epoll library
[INFO] [2018-05-11T15:13:01,975] [io.lettuce.core.KqueueProvider] [http-nio-8081-exec-1] Starting without optional kqueue library
[INFO] [2018-05-11T15:14:24,374] [com.qmm.integrate.application.IntegrateApplication] [main] Starting IntegrateApplication on qinmengmei-lt with PID 11356 (D:\JAVA\workspace\Integrate\target\classes started by qinmengmei in D:\JAVA\workspace\Integrate)
[INFO] [2018-05-11T15:14:24,410] [com.qmm.integrate.application.IntegrateApplication] [main] The following profiles are active: dev
[INFO] [2018-05-11T15:14:28,801] [com.alibaba.druid.spring.boot.autoconfigure.DruidDataSourceAutoConfigure] [main] Init DruidDataSource
[INFO] [2018-05-11T15:14:29,107] [com.alibaba.druid.pool.DruidDataSource] [main] {dataSource-1} inited
[INFO] [2018-05-11T15:14:32,062] [com.qmm.integrate.application.IntegrateApplication] [main] Started IntegrateApplication in 8.603 seconds (JVM running for 10.68)
[INFO] [2018-05-11T15:14:59,876] [io.lettuce.core.EpollProvider] [http-nio-8081-exec-1] Starting without optional epoll library
[INFO] [2018-05-11T15:14:59,879] [io.lettuce.core.KqueueProvider] [http-nio-8081-exec-1] Starting without optional kqueue library
[INFO] [2018-05-11T15:24:44,554] [com.qmm.integrate.application.IntegrateApplication] [main] Starting IntegrateApplication on qinmengmei-lt with PID 3304 (D:\JAVA\workspace\Integrate\target\classes started by qinmengmei in D:\JAVA\workspace\Integrate)
[INFO] [2018-05-11T15:24:44,570] [com.qmm.integrate.application.IntegrateApplication] [main] The following profiles are active: dev
[INFO] [2018-05-11T15:24:49,139] [com.alibaba.druid.spring.boot.autoconfigure.DruidDataSourceAutoConfigure] [main] Init DruidDataSource
[INFO] [2018-05-11T15:24:49,366] [com.alibaba.druid.pool.DruidDataSource] [main] {dataSource-1} inited
[INFO] [2018-05-11T15:24:52,060] [com.qmm.integrate.application.IntegrateApplication] [main] Started IntegrateApplication in 8.072 seconds (JVM running for 11.147)
[INFO] [2018-05-11T15:25:07,546] [io.lettuce.core.EpollProvider] [http-nio-8081-exec-2] Starting without optional epoll library
[INFO] [2018-05-11T15:25:07,549] [io.lettuce.core.KqueueProvider] [http-nio-8081-exec-2] Starting without optional kqueue library
[INFO] [2018-05-11T15:30:15,299] [com.qmm.integrate.application.IntegrateApplication] [main] Starting IntegrateApplication on qinmengmei-lt with PID 11472 (D:\JAVA\workspace\Integrate\target\classes started by qinmengmei in D:\JAVA\workspace\Integrate)
[INFO] [2018-05-11T15:30:15,311] [com.qmm.integrate.application.IntegrateApplication] [main] The following profiles are active: dev
[INFO] [2018-05-11T15:30:19,062] [com.alibaba.druid.spring.boot.autoconfigure.DruidDataSourceAutoConfigure] [main] Init DruidDataSource
[INFO] [2018-05-11T15:30:19,328] [com.alibaba.druid.pool.DruidDataSource] [main] {dataSource-1} inited
[INFO] [2018-05-11T15:30:22,096] [com.qmm.integrate.application.IntegrateApplication] [main] Started IntegrateApplication in 8.436 seconds (JVM running for 11.211)
[INFO] [2018-05-11T15:30:35,292] [io.lettuce.core.EpollProvider] [http-nio-8081-exec-2] Starting without optional epoll library
[INFO] [2018-05-11T15:30:35,297] [io.lettuce.core.KqueueProvider] [http-nio-8081-exec-2] Starting without optional kqueue library
[INFO] [2018-05-11T16:16:56,529] [com.qmm.integrate.application.IntegrateApplication] [main] Starting IntegrateApplication on qinmengmei-lt with PID 11744 (D:\JAVA\workspace\Integrate\target\classes started by qinmengmei in D:\JAVA\workspace\Integrate)
[INFO] [2018-05-11T16:16:56,539] [com.qmm.integrate.application.IntegrateApplication] [main] The following profiles are active: dev
[INFO] [2018-05-11T16:17:00,778] [com.alibaba.druid.spring.boot.autoconfigure.DruidDataSourceAutoConfigure] [main] Init DruidDataSource
[INFO] [2018-05-11T16:17:00,999] [com.alibaba.druid.pool.DruidDataSource] [main] {dataSource-1} inited
[INFO] [2018-05-11T16:17:01,425] [com.alibaba.druid.pool.DruidDataSource] [main] {dataSource-1} closed
[INFO] [2018-05-11T16:22:49,997] [com.qmm.integrate.application.IntegrateApplication] [main] Starting IntegrateApplication on qinmengmei-lt with PID 11988 (D:\JAVA\workspace\Integrate\target\classes started by qinmengmei in D:\JAVA\workspace\Integrate)
[INFO] [2018-05-11T16:22:50,008] [com.qmm.integrate.application.IntegrateApplication] [main] The following profiles are active: dev
[INFO] [2018-05-11T16:22:53,820] [com.alibaba.druid.spring.boot.autoconfigure.DruidDataSourceAutoConfigure] [main] Init DruidDataSource
[INFO] [2018-05-11T16:22:54,059] [com.alibaba.druid.pool.DruidDataSource] [main] {dataSource-1} inited
[INFO] [2018-05-11T16:22:56,221] [com.qmm.integrate.application.IntegrateApplication] [main] Started IntegrateApplication in 7.096 seconds (JVM running for 8.74)
[INFO] [2018-05-11T16:26:57,977] [com.qmm.integrate.application.IntegrateApplication] [main] Starting IntegrateApplication on qinmengmei-lt with PID 9636 (D:\JAVA\workspace\Integrate\target\classes started by qinmengmei in D:\JAVA\workspace\Integrate)
[INFO] [2018-05-11T16:26:58,008] [com.qmm.integrate.application.IntegrateApplication] [main] The following profiles are active: dev
[INFO] [2018-05-11T16:27:02,567] [com.alibaba.druid.spring.boot.autoconfigure.DruidDataSourceAutoConfigure] [main] Init DruidDataSource
[INFO] [2018-05-11T16:27:02,832] [com.alibaba.druid.pool.DruidDataSource] [main] {dataSource-1} inited
[INFO] [2018-05-11T16:27:05,998] [com.qmm.integrate.application.IntegrateApplication] [main] Started IntegrateApplication in 9.246 seconds (JVM running for 11.45)
[INFO] [2018-05-11T16:28:00,380] [io.lettuce.core.EpollProvider] [http-nio-8081-exec-4] Starting without optional epoll library
[INFO] [2018-05-11T16:28:00,384] [io.lettuce.core.KqueueProvider] [http-nio-8081-exec-4] Starting without optional kqueue library
